2010-04-04 22:37:32,024 - ResourceManager : found operation/op-signature.vm with loader middlegen.KindFileResourceLoader
2010-04-04 22:37:32,027 - ResourceManager : found operation/op-select.vm with loader middlegen.KindFileResourceLoader
2010-04-04 22:37:32,028 - ResourceManager : found operation/op-javadoc.vm with loader middlegen.KindFileResourceLoader
2010-04-04 22:37:32,031 - ResourceManager : found operation/op-signature.vm with loader middlegen.KindFileResourceLoader
2010-04-04 22:37:32,033 - ResourceManager : found operation/op-update.vm with loader middlegen.KindFileResourceLoader
2010-04-04 22:37:32,034 - ResourceManager : found operation/op-javadoc.vm with loader middlegen.KindFileResourceLoader
2010-04-04 22:37:32,037 - ResourceManager : found operation/op-signature.vm with loader middlegen.KindFileResourceLoader
2010-04-04 22:37:32,038 - ResourceManager : found operation/op-delete.vm with loader middlegen.KindFileResourceLoader
2010-04-04 22:37:32,041 - ResourceManager : found operation/op-javadoc.vm with loader middlegen.KindFileResourceLoader
2010-04-04 22:37:32,043 - ResourceManager : found operation/op-signature.vm with loader middlegen.KindFileResourceLoader
2010-04-04 22:37:32,056 - ResourceManager : found copyright.vm with loader middlegen.KindFileResourceLoader
2010-04-04 22:37:32,058 - ResourceManager : found description-java.vm with loader middlegen.KindFileResourceLoader
2010-04-04 22:37:32,059 - ResourceManager : found operation/op-insert.vm with loader middlegen.KindFileResourceLoader
2010-04-04 22:37:32,061 - ResourceManager : found operation/op-javadoc.vm with loader middlegen.KindFileResourceLoader
2010-04-04 22:37:32,064 - ResourceManager : found operation/op-signature.vm with loader middlegen.KindFileResourceLoader
2010-04-04 22:37:32,066 - ResourceManager : found operation/opbody-insert.vm with loader middlegen.KindFileResourceLoader
2010-04-04 22:37:32,067 - ResourceManager : found operation/op-select.vm with loader middlegen.KindFileResourceLoader
2010-04-04 22:37:32,068 - ResourceManager : found operation/op-javadoc.vm with loader middlegen.KindFileResourceLoader
2010-04-04 22:37:32,070 - ResourceManager : found operation/op-signature.vm with loader middlegen.KindFileResourceLoader
2010-04-04 22:37:32,079 - ResourceManager : found operation/opbody-select.vm with loader middlegen.KindFileResourceLoader
2010-04-04 22:37:32,085 - ResourceManager : found operation/op-update.vm with loader middlegen.KindFileResourceLoader
2010-04-04 22:37:32,086 - ResourceManager : found operation/op-javadoc.vm with loader middlegen.KindFileResourceLoader
2010-04-04 22:37:32,089 - ResourceManager : found operation/op-signature.vm with loader middlegen.KindFileResourceLoader
2010-04-04 22:37:32,095 - ResourceManager : found operation/opbody-update.vm with loader middlegen.KindFileResourceLoader
2010-04-04 22:37:32,096 - ResourceManager : found operation/op-delete.vm with loader middlegen.KindFileResourceLoader
2010-04-04 22:37:32,098 - ResourceManager : found operation/op-javadoc.vm with loader middlegen.KindFileResourceLoader
2010-04-04 22:37:32,100 - ResourceManager : found operation/op-signature.vm with loader middlegen.KindFileResourceLoader
2010-04-04 22:37:32,105 - ResourceManager : found operation/opbody-delete.vm with loader middlegen.KindFileResourceLoader
2010-04-04 22:37:32,117 - ResourceManager : found description-xml.vm with loader middlegen.KindFileResourceLoader
